[debug] [2025-04-01T01:04:59.489Z] : 
[debug] [2025-04-01T01:04:59.490Z] : ----------------------------------------------------------------------
[debug] [2025-04-01T01:04:59.491Z] : Command:      /Users/administrator/.nvm/versions/node/v18.18.2/bin/node /Users/administrator/.nvm/versions/node/v18.18.2/bin/catalyst deploy --only client
[debug] [2025-04-01T01:04:59.491Z] : CLI Version:  1.17.2
[debug] [2025-04-01T01:04:59.491Z] : Platform:     darwin
[debug] [2025-04-01T01:04:59.492Z] : Node Version: v18.18.2
[debug] [2025-04-01T01:04:59.493Z] : Time:         Mon Mar 31 2025 20:04:59 GMT-0500 (Central Daylight Time)
[debug] [2025-04-01T01:04:59.493Z] : ----------------------------------------------------------------------
[debug] [2025-04-01T01:04:59.494Z] : 
[debug] [2025-04-01T01:04:59.977Z] : > authorizing via signed-in user option
[debug] [2025-04-01T01:04:59.978Z] : > command requires scopes: ["ZohoCatalyst.projects.ALL","ZohoCatalyst.functions.ALL","ZohoCatalyst.webapp.ALL","ZohoCatalyst.appsail.Update"]
[debug] [2025-04-01T01:04:59.989Z] : >>>> HTTP REQUEST : GET https://api.catalyst.zoho.com/baas/v1/project/17011000000004014 

[debug] [2025-04-01T01:05:00.380Z] : <<<< HTTP RESPONSE : 200
Response Headers: {"server":"ZGS","date":"Tue, 01 Apr 2025 01:05:00 GMT","content-type":"application/vnd.catalyst.v2+json","transfer-encoding":"chunked","connection":"close","set-cookie":["zalb_46512fd555=b14009a6059feb83ee8aa1c715a015c5; Path=/; Secure; HttpOnly","ZD_CSRF_TOKEN=e4818df9-fc36-45bf-945b-7fbbed279601;path=/;SameSite=None;Secure;priority=high","_zcsr_tmp=e4818df9-fc36-45bf-945b-7fbbed279601;path=/;SameSite=Strict;Secure;priority=high"],"x-content-type-options":"nosniff","cache-control":"private,no-cache,no-store,max-age=0,must-revalidate","pragma":"no-cache","expires":"Thu, 01 Jan 1970 00:00:00 GMT","x-frame-options":"DENY","strict-transport-security":"max-age=64072000; includeSubDomains; preload"}

[debug] [2025-04-01T01:05:00.385Z] : >>>> HTTP REQUEST : GET https://api.catalyst.zoho.com/baas/v1/project/17011000000004014/environment 

[debug] [2025-04-01T01:05:00.696Z] : <<<< HTTP RESPONSE : 200
Response Headers: {"server":"ZGS","date":"Tue, 01 Apr 2025 01:05:00 GMT","content-type":"application/vnd.catalyst.v2+json","transfer-encoding":"chunked","connection":"close","set-cookie":["zalb_46512fd555=c3d5ec374d3dc932973a3d50f55d8d00; Path=/; Secure; HttpOnly","ZD_CSRF_TOKEN=2332e606-44a6-46a5-8ed7-7a042994106a;path=/;SameSite=None;Secure;priority=high","_zcsr_tmp=2332e606-44a6-46a5-8ed7-7a042994106a;path=/;SameSite=Strict;Secure;priority=high"],"x-content-type-options":"nosniff","cache-control":"private,no-cache,no-store,max-age=0,must-revalidate","pragma":"no-cache","expires":"Thu, 01 Jan 1970 00:00:00 GMT","x-frame-options":"DENY","strict-transport-security":"max-age=64072000; includeSubDomains; preload"}

[info] [2025-04-01T01:05:00.830Z] : ℹ Plugin : "zcatalyst-cli-plugin-react" is used for client deploy
[info] [2025-04-01T01:05:00.830Z] : ℹ Building Application...
[info] [2025-04-01T01:05:03.078Z] : [react-plugin]: Creating an optimized production build...
[info] [2025-04-01T01:05:35.951Z] : [react-plugin]: Compiled with warnings.

[info] [2025-04-01T01:05:35.951Z] : [react-plugin]: [eslint] 
src/CRMpages/Settings.js
  Line 18:22:  'setIndustry' is assigned a value but never used  no-unused-vars
[info] [2025-04-01T01:05:35.952Z] : [react-plugin]: 
Search for the keywords to learn more about each warning.
[info] [2025-04-01T01:05:35.952Z] : [react-plugin]: To ignore, add // eslint-disable-next-line to the line before.

[info] [2025-04-01T01:05:35.952Z] : [react-plugin]: File sizes after gzip:

[info] [2025-04-01T01:05:36.066Z] : [react-plugin]:   471.84 kB (+115 B)  build/static/js/main.c72b06b9.js
[info] [2025-04-01T01:05:36.067Z] : [react-plugin]:   68.97 kB            build/static/css/main.9a553483.css
[info] [2025-04-01T01:05:36.067Z] : [react-plugin]:  
[debug] [2025-04-01T01:05:50.080Z] : >>>> HTTP REQUEST : POST https://api.catalyst.zoho.com/baas/v1/project/17011000000004014/webapp 

[debug] [2025-04-01T01:06:32.844Z] : <<<< HTTP RESPONSE : 200
Response Headers: {"server":"ZGS","date":"Tue, 01 Apr 2025 01:06:32 GMT","content-type":"application/vnd.catalyst.v2+json","transfer-encoding":"chunked","connection":"close","set-cookie":["zalb_46512fd555=b14009a6059feb83ee8aa1c715a015c5; Path=/; Secure; HttpOnly","ZD_CSRF_TOKEN=773a9eab-2fe7-498c-9857-09cc49b20006;path=/;SameSite=None;Secure;priority=high","_zcsr_tmp=773a9eab-2fe7-498c-9857-09cc49b20006;path=/;SameSite=Strict;Secure;priority=high"],"x-content-type-options":"nosniff","cache-control":"private,no-cache,no-store,max-age=0,must-revalidate","pragma":"no-cache","expires":"Thu, 01 Jan 1970 00:00:00 GMT","x-frame-options":"DENY","strict-transport-security":"max-age=64072000; includeSubDomains; preload"}

[info] [2025-04-01T01:06:32.857Z] : 
[info] [2025-04-01T01:06:32.857Z] : ✔ client: deploy successful
[info] [2025-04-01T01:06:32.857Z] : ℹ client: URL => https://homepage-809404625.development.catalystserverless.com/app/index.html
[info] [2025-04-01T01:06:32.857Z] : 
[info] [2025-04-01T01:06:32.857Z] : ✔ Catalyst deploy complete!
[debug] [2025-04-01T01:06:32.858Z] : NO ERRORS REGISTERED
[debug] [2025-04-01T01:06:32.858Z] : EXEC ENDED with event: deploy, message: success
[debug] [2025-04-01T01:06:32.858Z] : TOTAL DURATION OF COMMAND EXEC : 92891
[debug] [2025-04-01T01:06:32.870Z] : >>>> HTTP REQUEST : POST https://api.catalyst.zoho.com/baas/v1/cli/logs 
<request body omitted>

[debug] [2025-04-01T01:06:33.710Z] : <<<< HTTP RESPONSE : 200
Response Headers: {"server":"ZGS","date":"Tue, 01 Apr 2025 01:06:33 GMT","content-length":"0","connection":"close","set-cookie":["zalb_46512fd555=4ead9897700827f973c0f7dbded7f673; Path=/; Secure; HttpOnly","ZD_CSRF_TOKEN=13bab20b-ab9f-4ca9-8baa-5d9bd3613154;path=/;SameSite=None;Secure;priority=high","_zcsr_tmp=13bab20b-ab9f-4ca9-8baa-5d9bd3613154;path=/;SameSite=Strict;Secure;priority=high"],"x-content-type-options":"nosniff","cache-control":"private,no-cache,no-store,max-age=0,must-revalidate","pragma":"no-cache","expires":"Thu, 01 Jan 1970 00:00:00 GMT","x-frame-options":"DENY","strict-transport-security":"max-age=64072000; includeSubDomains; preload"}

[debug] [2025-04-01T16:28:07.420Z] : 
[debug] [2025-04-01T16:28:07.421Z] : ----------------------------------------------------------------------
[debug] [2025-04-01T16:28:07.421Z] : Command:      /Users/administrator/.nvm/versions/node/v18.18.2/bin/node /Users/administrator/.nvm/versions/node/v18.18.2/bin/catalyst serve
[debug] [2025-04-01T16:28:07.421Z] : CLI Version:  1.17.2
[debug] [2025-04-01T16:28:07.422Z] : Platform:     darwin
[debug] [2025-04-01T16:28:07.422Z] : Node Version: v18.18.2
[debug] [2025-04-01T16:28:07.424Z] : Time:         Tue Apr 01 2025 11:28:07 GMT-0500 (Central Daylight Time)
[debug] [2025-04-01T16:28:07.424Z] : ----------------------------------------------------------------------
[debug] [2025-04-01T16:28:07.424Z] : 
[debug] [2025-04-01T16:28:08.382Z] : > authorizing via signed-in user option
[debug] [2025-04-01T16:28:08.383Z] : > command requires scopes: ["ZohoCatalyst.projects.ALL","ZohoCatalyst.functions.ALL","ZohoCatalyst.functions.EXECUTE","ZohoCatalyst.webapp.ALL","ZohoCatalyst.pdfshot.execute"]
[debug] [2025-04-01T16:28:08.395Z] : >>>> HTTP REQUEST : GET https://api.catalyst.zoho.com/baas/v1/project/17011000000004014 

[debug] [2025-04-01T16:28:08.869Z] : <<<< HTTP RESPONSE : 200
Response Headers: {"server":"ZGS","date":"Tue, 01 Apr 2025 16:28:08 GMT","content-type":"application/vnd.catalyst.v2+json","transfer-encoding":"chunked","connection":"close","set-cookie":["zalb_46512fd555=4ead9897700827f973c0f7dbded7f673; Path=/; Secure; HttpOnly","ZD_CSRF_TOKEN=21c8c458-3553-4ce9-a789-70034a38e992;path=/;SameSite=None;Secure;priority=high","_zcsr_tmp=21c8c458-3553-4ce9-a789-70034a38e992;path=/;SameSite=Strict;Secure;priority=high"],"x-content-type-options":"nosniff","cache-control":"private,no-cache,no-store,max-age=0,must-revalidate","pragma":"no-cache","expires":"Thu, 01 Jan 1970 00:00:00 GMT","x-frame-options":"DENY","strict-transport-security":"max-age=64072000; includeSubDomains; preload"}

[debug] [2025-04-01T16:28:08.873Z] : >>>> HTTP REQUEST : GET https://api.catalyst.zoho.com/baas/v1/project/17011000000004014/environment 

[debug] [2025-04-01T16:28:09.600Z] : <<<< HTTP RESPONSE : 200
Response Headers: {"server":"ZGS","date":"Tue, 01 Apr 2025 16:28:09 GMT","content-type":"application/vnd.catalyst.v2+json","transfer-encoding":"chunked","connection":"close","set-cookie":["zalb_46512fd555=c3d5ec374d3dc932973a3d50f55d8d00; Path=/; Secure; HttpOnly","ZD_CSRF_TOKEN=5b60db75-c35c-47d9-808b-94113d0ae4c1;path=/;SameSite=None;Secure;priority=high","_zcsr_tmp=5b60db75-c35c-47d9-808b-94113d0ae4c1;path=/;SameSite=Strict;Secure;priority=high"],"x-content-type-options":"nosniff","cache-control":"private,no-cache,no-store,max-age=0,must-revalidate","pragma":"no-cache","expires":"Thu, 01 Jan 1970 00:00:00 GMT","x-frame-options":"DENY","strict-transport-security":"max-age=64072000; includeSubDomains; preload"}

[debug] [2025-04-01T16:28:09.866Z] : http port : '3000' is not available. Hence port '3001' will be used instead.
[info] [2025-04-01T16:28:09.875Z] : Skipping API Gateway rules
[debug] [2025-04-01T16:28:09.881Z] : >>>> HTTP REQUEST : GET https://api.catalyst.zoho.com/baas/v1/project/17011000000004014/function 
Query params: {"type":"basicio,event,cron,applogic,integration,browser_logic"}

[debug] [2025-04-01T16:28:10.032Z] : http port : '3050' is not available. Hence port '3051' will be used instead.
[debug] [2025-04-01T16:28:10.298Z] : <<<< HTTP RESPONSE : 200
Response Headers: {"server":"ZGS","date":"Tue, 01 Apr 2025 16:28:10 GMT","content-type":"application/vnd.catalyst.v2+json","transfer-encoding":"chunked","connection":"close","set-cookie":["zalb_46512fd555=b14009a6059feb83ee8aa1c715a015c5; Path=/; Secure; HttpOnly","ZD_CSRF_TOKEN=9c20a448-6295-4176-9162-ddb4d1caf441;path=/;SameSite=None;Secure;priority=high","_zcsr_tmp=9c20a448-6295-4176-9162-ddb4d1caf441;path=/;SameSite=Strict;Secure;priority=high"],"x-content-type-options":"nosniff","cache-control":"private,no-cache,no-store,max-age=0,must-revalidate","pragma":"no-cache","expires":"Thu, 01 Jan 1970 00:00:00 GMT","x-frame-options":"DENY","strict-transport-security":"max-age=64072000; includeSubDomains; preload"}

[debug] [2025-04-01T16:28:10.304Z] : unknown eol undefined hence skipping check
[debug] [2025-04-01T16:28:10.304Z] : unknown eol undefined hence skipping check
[debug] [2025-04-01T16:28:10.305Z] : unknown eol undefined hence skipping check
[debug] [2025-04-01T16:28:10.305Z] : unknown eol undefined hence skipping check
[debug] [2025-04-01T16:28:10.305Z] : unknown eol undefined hence skipping check
[debug] [2025-04-01T16:28:10.305Z] : unknown eol undefined hence skipping check
[debug] [2025-04-01T16:28:19.112Z] : http port : '3010' is not available. Hence port '3011' will be used instead.
[debug] [2025-04-01T16:28:19.113Z] : http port : '3010' is not available. Hence port '3012' will be used instead.
[warn] [2025-04-01T16:28:19.144Z] : ⚠ skipping serve of function [hotlist_cron] since invalid function type. Only basicio,advancedio,browser_logic are supported.
[warn] [2025-04-01T16:28:19.145Z] : ⚠ skipping serve of function [warmlist_cron] since invalid function type. Only basicio,advancedio,browser_logic are supported.
[warn] [2025-04-01T16:28:19.145Z] : ⚠ skipping serve of function [topofmind_cron] since invalid function type. Only basicio,advancedio,browser_logic are supported.
[warn] [2025-04-01T16:28:19.145Z] : ⚠ skipping serve of function [sendemail_cron] since invalid function type. Only basicio,advancedio,browser_logic are supported.
[info] [2025-04-01T16:28:21.784Z] : [react-plugin]: Starting the development server...

[info] [2025-04-01T16:28:21.786Z] : 
[info] [2025-04-01T16:28:21.786Z] : ℹ Client[clubhouselinkshomepage]: Plugin : "zcatalyst-cli-plugin-react" is used for client serve
[info] [2025-04-01T16:28:21.786Z] : 
[info] [2025-04-01T16:28:22.888Z] : 
[info] [2025-04-01T16:28:22.889Z] :  >>>>>>>>>>>>> AdvancedIO <<<<<<<<<<<< 
[info] [2025-04-01T16:28:22.889Z] : ℹ home_page_function: http://localhost:3001/server/home_page_function/
[info] [2025-04-01T16:28:22.890Z] : ℹ crm_function      : http://localhost:3001/server/crm_function/
[info] [2025-04-01T16:28:22.890Z] : 
[info] [2025-04-01T16:28:22.890Z] : 
[info] [2025-04-01T16:28:22.890Z] :  >>>>>>>>>>>>> Web Client <<<<<<<<<<<<
[info] [2025-04-01T16:28:22.890Z] : ℹ client[clubhouselinkshomepage]: http://localhost:3001/app/
[info] [2025-04-01T16:28:22.890Z] : 
[info] [2025-04-01T16:28:30.066Z] : [react-plugin]: Failed to compile.

[info] [2025-04-01T16:28:30.066Z] : [react-plugin]: [eslint] 
src/CRMcomponents/CalendarScheduler.js
  Line 188:17:  'toast' is not defined  no-undef
  Line 202:17:  'toast' is not defined  no-undef
  Line 209:13:  'toast' is not defined  no-undef

Search for the keywords to learn more about each error.
[info] [2025-04-01T19:03:11.431Z] : [react-plugin]: Compiling...
[info] [2025-04-01T19:03:14.948Z] : [react-plugin]: Failed to compile.

[info] [2025-04-01T19:03:14.948Z] : [react-plugin]: [eslint] 
src/CRMcomponents/CalendarScheduler.js
  Line 188:17:  'toast' is not defined  no-undef
  Line 202:17:  'toast' is not defined  no-undef
  Line 209:13:  'toast' is not defined  no-undef

Search for the keywords to learn more about each error.
[info] [2025-04-01T19:03:42.605Z] : [react-plugin]: Compiling...
[info] [2025-04-01T19:03:44.244Z] : [react-plugin]: Compiled with warnings.

[info] [2025-04-01T19:03:44.244Z] : [react-plugin]: Warning
(6:27575) autoprefixer: Replace color-adjust to print-color-adjust. The color-adjust shorthand is currently deprecated.

Failed to parse source map from '/Users/administrator/WebstormProjects/untitled7/react-app/src/components/home/css/bootstrap.min.css.map' file: Error: ENOENT: no such file or directory, open '/Users/administrator/WebstormProjects/untitled7/react-app/src/components/home/css/bootstrap.min.css.map'

Warning
(6:27575) autoprefixer: Replace color-adjust to print-color-adjust. The color-adjust shorthand is currently deprecated.

Failed to parse source map from '/Users/administrator/WebstormProjects/untitled7/react-app/src/components/samplePortfolios/template1/css/bootstrap.min.css.map' file: Error: ENOENT: no such file or directory, open '/Users/administrator/WebstormProjects/untitled7/react-app/src/components/samplePortfolios/template1/css/bootstrap.min.css.map'

[eslint] 
src/CRMcomponents/CalendarScheduler.js
  Line 2:37:   'Views' is defined but never used                                                                                              no-unused-vars
  Line 16:12:  'lists' is assigned a value but never used                                                                                     no-unused-vars
  Line 31:11:  'mockTemplates' is assigned a value but never used                                                                             no-unused-vars
  Line 311:8:  React Hook useEffect has a missing dependency: 'fetchSubscribers'. Either include it or remove the dependency array            react-hooks/exhaustive-deps
  Line 315:8:  React Hook useEffect has a missing dependency: 'convertSubscribersToEvents'. Either include it or remove the dependency array  react-hooks/exhaustive-deps
[info] [2025-04-01T19:03:44.244Z] : [react-plugin]: 
Search for the keywords to learn more about each warning.
[info] [2025-04-01T19:03:44.244Z] : [react-plugin]: To ignore, add // eslint-disable-next-line to the line before.

[debug] [2025-04-01T19:03:44.314Z] : > refreshing access token <
[debug] [2025-04-01T19:03:44.318Z] : >>>> HTTP REQUEST : POST https://accounts.zoho.com/oauth/v2/token 
<request body omitted>

[debug] [2025-04-01T19:03:44.620Z] : <<<< HTTP RESPONSE : 200
Response Headers: {"server":"ZGS","date":"Tue, 01 Apr 2025 19:03:44 GMT","content-type":"application/json;charset=UTF-8","content-length":"1945","connection":"close","set-cookie":["zalb_b266a5bf57=a7f15cb1555106de5ac96d088b72e7c8; Path=/; Secure; HttpOnly","iamcsr=1374df94-def0-43d8-8700-555fe3ea8832;path=/;SameSite=None;Secure;priority=high","_zcsr_tmp=1374df94-def0-43d8-8700-555fe3ea8832;path=/;SameSite=Strict;Secure;priority=high"],"cache-control":"no-store","x-content-type-options":"nosniff","pragma":"no-cache","x-frame-options":"SAMEORIGIN","vary":"accept-encoding","content-language":"en-US","strict-transport-security":"max-age=64072000; includeSubDomains; preload"}

[info] [2025-04-01T19:04:34.745Z] : Shutting down server
[info] [2025-04-01T19:04:39.891Z] : 
[info] [2025-04-01T19:04:39.896Z] : ✔ Shutdown complete
[debug] [2025-04-01T19:04:39.898Z] : NO ERRORS REGISTERED
[debug] [2025-04-01T19:04:39.899Z] : EXEC ENDED with event: serve, message: success
[debug] [2025-04-01T19:04:39.899Z] : TOTAL DURATION OF COMMAND EXEC : 9391530
[debug] [2025-04-01T19:04:39.949Z] : >>>> HTTP REQUEST : POST https://api.catalyst.zoho.com/baas/v1/cli/logs 
<request body omitted>

[debug] [2025-04-01T19:04:40.478Z] : <<<< HTTP RESPONSE : 200
Response Headers: {"server":"ZGS","date":"Tue, 01 Apr 2025 19:04:40 GMT","content-length":"0","connection":"close","set-cookie":["zalb_46512fd555=bbdfb771565421abbe10f7a180903d28; Path=/; Secure; HttpOnly","ZD_CSRF_TOKEN=db7be189-5d59-411c-a67c-a53ba894365c;path=/;SameSite=None;Secure;priority=high","_zcsr_tmp=db7be189-5d59-411c-a67c-a53ba894365c;path=/;SameSite=Strict;Secure;priority=high"],"x-content-type-options":"nosniff","cache-control":"private,no-cache,no-store,max-age=0,must-revalidate","pragma":"no-cache","expires":"Thu, 01 Jan 1970 00:00:00 GMT","x-frame-options":"DENY","strict-transport-security":"max-age=64072000; includeSubDomains; preload"}

[debug] [2025-04-01T19:04:54.708Z] : 
[debug] [2025-04-01T19:04:54.711Z] : ----------------------------------------------------------------------
[debug] [2025-04-01T19:04:54.712Z] : Command:      /Users/administrator/.nvm/versions/node/v18.18.2/bin/node /Users/administrator/.nvm/versions/node/v18.18.2/bin/catalyst serve
[debug] [2025-04-01T19:04:54.712Z] : CLI Version:  1.17.2
[debug] [2025-04-01T19:04:54.728Z] : Platform:     darwin
[debug] [2025-04-01T19:04:54.729Z] : Node Version: v18.18.2
[debug] [2025-04-01T19:04:54.737Z] : Time:         Tue Apr 01 2025 14:04:54 GMT-0500 (Central Daylight Time)
[debug] [2025-04-01T19:04:54.742Z] : ----------------------------------------------------------------------
[debug] [2025-04-01T19:04:54.743Z] : 
[debug] [2025-04-01T19:04:56.198Z] : > authorizing via signed-in user option
[debug] [2025-04-01T19:04:56.198Z] : > command requires scopes: ["ZohoCatalyst.projects.ALL","ZohoCatalyst.functions.ALL","ZohoCatalyst.functions.EXECUTE","ZohoCatalyst.webapp.ALL","ZohoCatalyst.pdfshot.execute"]
[debug] [2025-04-01T19:04:56.211Z] : >>>> HTTP REQUEST : GET https://api.catalyst.zoho.com/baas/v1/project/17011000000004014 

[debug] [2025-04-01T19:04:56.613Z] : <<<< HTTP RESPONSE : 200
Response Headers: {"server":"ZGS","date":"Tue, 01 Apr 2025 19:04:56 GMT","content-type":"application/vnd.catalyst.v2+json","transfer-encoding":"chunked","connection":"close","set-cookie":["zalb_46512fd555=4ead9897700827f973c0f7dbded7f673; Path=/; Secure; HttpOnly","ZD_CSRF_TOKEN=cb876191-c160-428b-99f2-4ba3db64f839;path=/;SameSite=None;Secure;priority=high","_zcsr_tmp=cb876191-c160-428b-99f2-4ba3db64f839;path=/;SameSite=Strict;Secure;priority=high"],"x-content-type-options":"nosniff","cache-control":"private,no-cache,no-store,max-age=0,must-revalidate","pragma":"no-cache","expires":"Thu, 01 Jan 1970 00:00:00 GMT","x-frame-options":"DENY","strict-transport-security":"max-age=64072000; includeSubDomains; preload"}

[debug] [2025-04-01T19:04:56.616Z] : >>>> HTTP REQUEST : GET https://api.catalyst.zoho.com/baas/v1/project/17011000000004014/environment 

[debug] [2025-04-01T19:04:56.912Z] : <<<< HTTP RESPONSE : 200
Response Headers: {"server":"ZGS","date":"Tue, 01 Apr 2025 19:04:56 GMT","content-type":"application/vnd.catalyst.v2+json","transfer-encoding":"chunked","connection":"close","set-cookie":["zalb_46512fd555=c3d5ec374d3dc932973a3d50f55d8d00; Path=/; Secure; HttpOnly","ZD_CSRF_TOKEN=41d190a4-46d1-402b-9d28-fb134bfc9ec6;path=/;SameSite=None;Secure;priority=high","_zcsr_tmp=41d190a4-46d1-402b-9d28-fb134bfc9ec6;path=/;SameSite=Strict;Secure;priority=high"],"x-content-type-options":"nosniff","cache-control":"private,no-cache,no-store,max-age=0,must-revalidate","pragma":"no-cache","expires":"Thu, 01 Jan 1970 00:00:00 GMT","x-frame-options":"DENY","strict-transport-security":"max-age=64072000; includeSubDomains; preload"}

[info] [2025-04-01T19:04:57.164Z] : Skipping API Gateway rules
[debug] [2025-04-01T19:04:57.171Z] : >>>> HTTP REQUEST : GET https://api.catalyst.zoho.com/baas/v1/project/17011000000004014/function 
Query params: {"type":"basicio,event,cron,applogic,integration,browser_logic"}

[debug] [2025-04-01T19:04:57.502Z] : <<<< HTTP RESPONSE : 200
Response Headers: {"server":"ZGS","date":"Tue, 01 Apr 2025 19:04:57 GMT","content-type":"application/vnd.catalyst.v2+json","transfer-encoding":"chunked","connection":"close","set-cookie":["zalb_46512fd555=c3d5ec374d3dc932973a3d50f55d8d00; Path=/; Secure; HttpOnly","ZD_CSRF_TOKEN=511340d0-ad41-4908-be6e-5b1d0849750b;path=/;SameSite=None;Secure;priority=high","_zcsr_tmp=511340d0-ad41-4908-be6e-5b1d0849750b;path=/;SameSite=Strict;Secure;priority=high"],"x-content-type-options":"nosniff","cache-control":"private,no-cache,no-store,max-age=0,must-revalidate","pragma":"no-cache","expires":"Thu, 01 Jan 1970 00:00:00 GMT","x-frame-options":"DENY","strict-transport-security":"max-age=64072000; includeSubDomains; preload"}

[debug] [2025-04-01T19:04:57.506Z] : unknown eol undefined hence skipping check
[debug] [2025-04-01T19:04:57.506Z] : unknown eol undefined hence skipping check
[debug] [2025-04-01T19:04:57.507Z] : unknown eol undefined hence skipping check
[debug] [2025-04-01T19:04:57.507Z] : unknown eol undefined hence skipping check
[debug] [2025-04-01T19:04:57.507Z] : unknown eol undefined hence skipping check
[debug] [2025-04-01T19:04:57.507Z] : unknown eol undefined hence skipping check
[debug] [2025-04-01T19:05:05.677Z] : http port : '3010' is not available. Hence port '3011' will be used instead.
[warn] [2025-04-01T19:05:05.712Z] : ⚠ skipping serve of function [hotlist_cron] since invalid function type. Only basicio,advancedio,browser_logic are supported.
[warn] [2025-04-01T19:05:05.712Z] : ⚠ skipping serve of function [warmlist_cron] since invalid function type. Only basicio,advancedio,browser_logic are supported.
[warn] [2025-04-01T19:05:05.712Z] : ⚠ skipping serve of function [topofmind_cron] since invalid function type. Only basicio,advancedio,browser_logic are supported.
[warn] [2025-04-01T19:05:05.712Z] : ⚠ skipping serve of function [sendemail_cron] since invalid function type. Only basicio,advancedio,browser_logic are supported.
[info] [2025-04-01T19:05:07.965Z] : [react-plugin]: Starting the development server...

[info] [2025-04-01T19:05:07.967Z] : 
[info] [2025-04-01T19:05:07.967Z] : ℹ Client[clubhouselinkshomepage]: Plugin : "zcatalyst-cli-plugin-react" is used for client serve
[info] [2025-04-01T19:05:07.967Z] : 
[info] [2025-04-01T19:05:08.912Z] : 
[info] [2025-04-01T19:05:08.912Z] :  >>>>>>>>>>>>> AdvancedIO <<<<<<<<<<<< 
[info] [2025-04-01T19:05:08.912Z] : ℹ home_page_function: http://localhost:3000/server/home_page_function/
[info] [2025-04-01T19:05:08.912Z] : ℹ crm_function      : http://localhost:3000/server/crm_function/
[info] [2025-04-01T19:05:08.913Z] : 
[info] [2025-04-01T19:05:08.913Z] : 
[info] [2025-04-01T19:05:08.913Z] :  >>>>>>>>>>>>> Web Client <<<<<<<<<<<<
[info] [2025-04-01T19:05:08.913Z] : ℹ client[clubhouselinkshomepage]: http://localhost:3000/app/
[info] [2025-04-01T19:05:08.913Z] : 
[info] [2025-04-01T19:05:18.318Z] : [react-plugin]: Compiled with warnings.

[info] [2025-04-01T19:05:18.354Z] : [react-plugin]: Warning
(6:27575) autoprefixer: Replace color-adjust to print-color-adjust. The color-adjust shorthand is currently deprecated.

Failed to parse source map from '/Users/administrator/WebstormProjects/untitled7/react-app/src/components/home/css/bootstrap.min.css.map' file: Error: ENOENT: no such file or directory, open '/Users/administrator/WebstormProjects/untitled7/react-app/src/components/home/css/bootstrap.min.css.map'

Warning
(6:27575) autoprefixer: Replace color-adjust to print-color-adjust. The color-adjust shorthand is currently deprecated.

Failed to parse source map from '/Users/administrator/WebstormProjects/untitled7/react-app/src/components/samplePortfolios/template1/css/bootstrap.min.css.map' file: Error: ENOENT: no such file or directory, open '/Users/administrator/WebstormProjects/untitled7/react-app/src/components/samplePortfolios/template1/css/bootstrap.min.css.map'

[eslint] 
src/CRMcomponents/CalendarScheduler.js
  Line 2:37:   'Views' is defined but never used                                                                                              no-unused-vars
  Line 16:12:  'lists' is assigned a value but never used                                                                                     no-unused-vars
  Line 31:11:  'mockTemplates' is assigned a value but never used                                                                             no-unused-vars
  Line 311:8:  React Hook useEffect has a missing dependency: 'fetchSubscribers'. Either include it or remove the dependency array            react-hooks/exhaustive-deps
  Line 315:8:  React Hook useEffect has a missing dependency: 'convertSubscribersToEvents'. Either include it or remove the dependency array  react-hooks/exhaustive-deps
[info] [2025-04-01T19:05:18.355Z] : [react-plugin]: 
Search for the keywords to learn more about each warning.
[info] [2025-04-01T19:05:18.355Z] : [react-plugin]: To ignore, add // eslint-disable-next-line to the line before.

[info] [2025-04-01T19:08:13.384Z] : [react-plugin]: Compiling...
[info] [2025-04-01T19:08:15.207Z] : [react-plugin]: Compiled with warnings.

[info] [2025-04-01T19:08:15.208Z] : [react-plugin]: Warning
(6:27575) autoprefixer: Replace color-adjust to print-color-adjust. The color-adjust shorthand is currently deprecated.

Failed to parse source map from '/Users/administrator/WebstormProjects/untitled7/react-app/src/components/home/css/bootstrap.min.css.map' file: Error: ENOENT: no such file or directory, open '/Users/administrator/WebstormProjects/untitled7/react-app/src/components/home/css/bootstrap.min.css.map'

Warning
(6:27575) autoprefixer: Replace color-adjust to print-color-adjust. The color-adjust shorthand is currently deprecated.

Failed to parse source map from '/Users/administrator/WebstormProjects/untitled7/react-app/src/components/samplePortfolios/template1/css/bootstrap.min.css.map' file: Error: ENOENT: no such file or directory, open '/Users/administrator/WebstormProjects/untitled7/react-app/src/components/samplePortfolios/template1/css/bootstrap.min.css.map'

[eslint] 
src/CRMcomponents/CalendarScheduler.js
  Line 2:37:   'Views' is defined but never used                                                                                              no-unused-vars
  Line 16:12:  'lists' is assigned a value but never used                                                                                     no-unused-vars
  Line 31:11:  'mockTemplates' is assigned a value but never used                                                                             no-unused-vars
  Line 324:8:  React Hook useEffect has a missing dependency: 'fetchSubscribers'. Either include it or remove the dependency array            react-hooks/exhaustive-deps
  Line 328:8:  React Hook useEffect has a missing dependency: 'convertSubscribersToEvents'. Either include it or remove the dependency array  react-hooks/exhaustive-deps
[info] [2025-04-01T19:08:15.208Z] : [react-plugin]: 
Search for the keywords to learn more about each warning.
[info] [2025-04-01T19:08:15.209Z] : [react-plugin]: To ignore, add // eslint-disable-next-line to the line before.

[info] [2025-04-01T19:14:33.510Z] : [react-plugin]: Compiling...
[info] [2025-04-01T19:14:34.976Z] : [react-plugin]: Compiled with warnings.

[info] [2025-04-01T19:14:34.978Z] : [react-plugin]: Warning
(6:27575) autoprefixer: Replace color-adjust to print-color-adjust. The color-adjust shorthand is currently deprecated.

Failed to parse source map from '/Users/administrator/WebstormProjects/untitled7/react-app/src/components/home/css/bootstrap.min.css.map' file: Error: ENOENT: no such file or directory, open '/Users/administrator/WebstormProjects/untitled7/react-app/src/components/home/css/bootstrap.min.css.map'

Warning
(6:27575) autoprefixer: Replace color-adjust to print-color-adjust. The color-adjust shorthand is currently deprecated.

Failed to parse source map from '/Users/administrator/WebstormProjects/untitled7/react-app/src/components/samplePortfolios/template1/css/bootstrap.min.css.map' file: Error: ENOENT: no such file or directory, open '/Users/administrator/WebstormProjects/untitled7/react-app/src/components/samplePortfolios/template1/css/bootstrap.min.css.map'

[eslint] 
src/CRMcomponents/CalendarScheduler.js
  Line 2:37:   'Views' is defined but never used                                                                                              no-unused-vars
  Line 16:12:  'lists' is assigned a value but never used                                                                                     no-unused-vars
  Line 31:11:  'mockTemplates' is assigned a value but never used                                                                             no-unused-vars
  Line 325:8:  React Hook useEffect has a missing dependency: 'fetchSubscribers'. Either include it or remove the dependency array            react-hooks/exhaustive-deps
  Line 329:8:  React Hook useEffect has a missing dependency: 'convertSubscribersToEvents'. Either include it or remove the dependency array  react-hooks/exhaustive-deps
[info] [2025-04-01T19:14:34.980Z] : [react-plugin]: 
Search for the keywords to learn more about each warning.
[info] [2025-04-01T19:14:34.980Z] : [react-plugin]: To ignore, add // eslint-disable-next-line to the line before.

[info] [2025-04-01T19:20:32.995Z] : 
change of controllers/subscriberController.js in crm_function detected. Preparing your function, please wait...
[info] [2025-04-01T19:20:43.804Z] : ℹ AdvancedIO[crm_function]: ready!
[info] [2025-04-01T19:20:43.804Z] : ℹ AdvancedIO[crm_function]: http://localhost:3000/server/crm_function/
[info] [2025-04-01T19:21:25.829Z] : [react-plugin]: Compiling...
[info] [2025-04-01T19:21:27.979Z] : [react-plugin]: Compiled with warnings.

[info] [2025-04-01T19:21:27.981Z] : [react-plugin]: Warning
(6:27575) autoprefixer: Replace color-adjust to print-color-adjust. The color-adjust shorthand is currently deprecated.

Failed to parse source map from '/Users/administrator/WebstormProjects/untitled7/react-app/src/components/home/css/bootstrap.min.css.map' file: Error: ENOENT: no such file or directory, open '/Users/administrator/WebstormProjects/untitled7/react-app/src/components/home/css/bootstrap.min.css.map'

Warning
(6:27575) autoprefixer: Replace color-adjust to print-color-adjust. The color-adjust shorthand is currently deprecated.

Failed to parse source map from '/Users/administrator/WebstormProjects/untitled7/react-app/src/components/samplePortfolios/template1/css/bootstrap.min.css.map' file: Error: ENOENT: no such file or directory, open '/Users/administrator/WebstormProjects/untitled7/react-app/src/components/samplePortfolios/template1/css/bootstrap.min.css.map'

[eslint] 
src/CRMcomponents/CalendarScheduler.js
  Line 2:37:   'Views' is defined but never used                                                                                              no-unused-vars
  Line 16:12:  'lists' is assigned a value but never used                                                                                     no-unused-vars
  Line 31:11:  'mockTemplates' is assigned a value but never used                                                                             no-unused-vars
  Line 316:8:  React Hook useEffect has a missing dependency: 'fetchSubscribers'. Either include it or remove the dependency array            react-hooks/exhaustive-deps
  Line 320:8:  React Hook useEffect has a missing dependency: 'convertSubscribersToEvents'. Either include it or remove the dependency array  react-hooks/exhaustive-deps
[info] [2025-04-01T19:21:27.981Z] : [react-plugin]: 
Search for the keywords to learn more about each warning.
[info] [2025-04-01T19:21:27.982Z] : [react-plugin]: To ignore, add // eslint-disable-next-line to the line before.

[info] [2025-04-01T19:22:31.845Z] : [react-plugin]: Compiling...
[info] [2025-04-01T19:22:33.181Z] : [react-plugin]: Compiled with warnings.

[info] [2025-04-01T19:22:33.182Z] : [react-plugin]: Warning
(6:27575) autoprefixer: Replace color-adjust to print-color-adjust. The color-adjust shorthand is currently deprecated.

Failed to parse source map from '/Users/administrator/WebstormProjects/untitled7/react-app/src/components/home/css/bootstrap.min.css.map' file: Error: ENOENT: no such file or directory, open '/Users/administrator/WebstormProjects/untitled7/react-app/src/components/home/css/bootstrap.min.css.map'

Warning
(6:27575) autoprefixer: Replace color-adjust to print-color-adjust. The color-adjust shorthand is currently deprecated.

Failed to parse source map from '/Users/administrator/WebstormProjects/untitled7/react-app/src/components/samplePortfolios/template1/css/bootstrap.min.css.map' file: Error: ENOENT: no such file or directory, open '/Users/administrator/WebstormProjects/untitled7/react-app/src/components/samplePortfolios/template1/css/bootstrap.min.css.map'

[eslint] 
src/CRMcomponents/CalendarScheduler.js
  Line 2:37:   'Views' is defined but never used                                                                                              no-unused-vars
  Line 16:12:  'lists' is assigned a value but never used                                                                                     no-unused-vars
  Line 31:11:  'mockTemplates' is assigned a value but never used                                                                             no-unused-vars
  Line 316:8:  React Hook useEffect has a missing dependency: 'fetchSubscribers'. Either include it or remove the dependency array            react-hooks/exhaustive-deps
  Line 320:8:  React Hook useEffect has a missing dependency: 'convertSubscribersToEvents'. Either include it or remove the dependency array  react-hooks/exhaustive-deps
[info] [2025-04-01T19:22:33.182Z] : [react-plugin]: 
Search for the keywords to learn more about each warning.
[info] [2025-04-01T19:22:33.182Z] : [react-plugin]: To ignore, add // eslint-disable-next-line to the line before.

[info] [2025-04-01T19:40:19.375Z] : 
add of woker.js in crm_function detected. Preparing your function, please wait...
[info] [2025-04-01T19:40:29.640Z] : ℹ AdvancedIO[crm_function]: ready!
[info] [2025-04-01T19:40:29.640Z] : ℹ AdvancedIO[crm_function]: http://localhost:3000/server/crm_function/
[info] [2025-04-01T19:40:42.974Z] : 
change of woker.js in crm_function detected. Preparing your function, please wait...
[info] [2025-04-01T19:40:51.616Z] : ℹ AdvancedIO[crm_function]: ready!
[info] [2025-04-01T19:40:51.617Z] : ℹ AdvancedIO[crm_function]: http://localhost:3000/server/crm_function/
[info] [2025-04-01T19:41:50.658Z] : 
add of Procfile in crm_function detected. Preparing your function, please wait...
[info] [2025-04-01T19:42:08.446Z] : ℹ AdvancedIO[crm_function]: ready!
[info] [2025-04-01T19:42:08.447Z] : ℹ AdvancedIO[crm_function]: http://localhost:3000/server/crm_function/
[info] [2025-04-01T19:42:21.175Z] : 
change of Procfile in crm_function detected. Preparing your function, please wait...
[info] [2025-04-01T19:42:29.077Z] : ℹ AdvancedIO[crm_function]: ready!
[info] [2025-04-01T19:42:29.077Z] : ℹ AdvancedIO[crm_function]: http://localhost:3000/server/crm_function/
