[debug] [2025-03-31T20:05:27.640Z] : 
[debug] [2025-03-31T20:05:27.641Z] : ----------------------------------------------------------------------
[debug] [2025-03-31T20:05:27.641Z] : Command:      /Users/administrator/.nvm/versions/node/v18.18.2/bin/node /Users/administrator/.nvm/versions/node/v18.18.2/bin/catalyst serve
[debug] [2025-03-31T20:05:27.642Z] : CLI Version:  1.17.2
[debug] [2025-03-31T20:05:27.642Z] : Platform:     darwin
[debug] [2025-03-31T20:05:27.643Z] : Node Version: v18.18.2
[debug] [2025-03-31T20:05:27.644Z] : Time:         Mon Mar 31 2025 15:05:27 GMT-0500 (Central Daylight Time)
[debug] [2025-03-31T20:05:27.645Z] : ----------------------------------------------------------------------
[debug] [2025-03-31T20:05:27.645Z] : 
[debug] [2025-03-31T20:05:29.225Z] : > authorizing via signed-in user option
[debug] [2025-03-31T20:05:29.226Z] : > command requires scopes: ["ZohoCatalyst.projects.ALL","ZohoCatalyst.functions.ALL","ZohoCatalyst.functions.EXECUTE","ZohoCatalyst.webapp.ALL","ZohoCatalyst.pdfshot.execute"]
[debug] [2025-03-31T20:05:29.250Z] : >>>> HTTP REQUEST : GET https://api.catalyst.zoho.com/baas/v1/project/17011000000004014 

[debug] [2025-03-31T20:05:30.512Z] : <<<< HTTP RESPONSE : 200
Response Headers: {"server":"ZGS","date":"Mon, 31 Mar 2025 20:05:30 GMT","content-type":"application/vnd.catalyst.v2+json","transfer-encoding":"chunked","connection":"close","set-cookie":["zalb_46512fd555=4ead9897700827f973c0f7dbded7f673; Path=/; Secure; HttpOnly","ZD_CSRF_TOKEN=38857ebd-3fbd-41f5-9731-b52591b29c09;path=/;SameSite=None;Secure;priority=high","_zcsr_tmp=38857ebd-3fbd-41f5-9731-b52591b29c09;path=/;SameSite=Strict;Secure;priority=high"],"x-content-type-options":"nosniff","cache-control":"private,no-cache,no-store,max-age=0,must-revalidate","pragma":"no-cache","expires":"Thu, 01 Jan 1970 00:00:00 GMT","x-frame-options":"DENY","strict-transport-security":"max-age=64072000; includeSubDomains; preload"}

[debug] [2025-03-31T20:05:30.517Z] : >>>> HTTP REQUEST : GET https://api.catalyst.zoho.com/baas/v1/project/17011000000004014/environment 

[debug] [2025-03-31T20:05:30.764Z] : <<<< HTTP RESPONSE : 200
Response Headers: {"server":"ZGS","date":"Mon, 31 Mar 2025 20:05:30 GMT","content-type":"application/vnd.catalyst.v2+json","transfer-encoding":"chunked","connection":"close","set-cookie":["zalb_46512fd555=4ead9897700827f973c0f7dbded7f673; Path=/; Secure; HttpOnly","ZD_CSRF_TOKEN=33338a9d-28fa-4037-881f-7f0764562274;path=/;SameSite=None;Secure;priority=high","_zcsr_tmp=33338a9d-28fa-4037-881f-7f0764562274;path=/;SameSite=Strict;Secure;priority=high"],"x-content-type-options":"nosniff","cache-control":"private,no-cache,no-store,max-age=0,must-revalidate","pragma":"no-cache","expires":"Thu, 01 Jan 1970 00:00:00 GMT","x-frame-options":"DENY","strict-transport-security":"max-age=64072000; includeSubDomains; preload"}

[debug] [2025-03-31T20:05:31.060Z] : Build folder already exists, starting cleanup
[info] [2025-03-31T20:05:36.873Z] : Skipping API Gateway rules
[debug] [2025-03-31T20:05:36.884Z] : >>>> HTTP REQUEST : GET https://api.catalyst.zoho.com/baas/v1/project/17011000000004014/function 
Query params: {"type":"basicio,event,cron,applogic,integration,browser_logic"}

[debug] [2025-03-31T20:05:37.203Z] : <<<< HTTP RESPONSE : 200
Response Headers: {"server":"ZGS","date":"Mon, 31 Mar 2025 20:05:37 GMT","content-type":"application/vnd.catalyst.v2+json","transfer-encoding":"chunked","connection":"close","set-cookie":["zalb_46512fd555=bbdfb771565421abbe10f7a180903d28; Path=/; Secure; HttpOnly","ZD_CSRF_TOKEN=39359e6a-d768-46b8-953d-90797abdc379;path=/;SameSite=None;Secure;priority=high","_zcsr_tmp=39359e6a-d768-46b8-953d-90797abdc379;path=/;SameSite=Strict;Secure;priority=high"],"x-content-type-options":"nosniff","cache-control":"private,no-cache,no-store,max-age=0,must-revalidate","pragma":"no-cache","expires":"Thu, 01 Jan 1970 00:00:00 GMT","x-frame-options":"DENY","strict-transport-security":"max-age=64072000; includeSubDomains; preload"}

[debug] [2025-03-31T20:05:37.209Z] : unknown eol undefined hence skipping check
[debug] [2025-03-31T20:05:37.209Z] : unknown eol undefined hence skipping check
[debug] [2025-03-31T20:05:37.209Z] : unknown eol undefined hence skipping check
[debug] [2025-03-31T20:05:37.209Z] : unknown eol undefined hence skipping check
[debug] [2025-03-31T20:05:37.210Z] : unknown eol undefined hence skipping check
[debug] [2025-03-31T20:05:37.210Z] : unknown eol undefined hence skipping check
[debug] [2025-03-31T20:05:45.266Z] : http port : '3010' is not available. Hence port '3011' will be used instead.
[warn] [2025-03-31T20:05:45.320Z] : ⚠ skipping serve of function [hotlist_cron] since invalid function type. Only basicio,advancedio,browser_logic are supported.
[warn] [2025-03-31T20:05:45.320Z] : ⚠ skipping serve of function [warmlist_cron] since invalid function type. Only basicio,advancedio,browser_logic are supported.
[warn] [2025-03-31T20:05:45.321Z] : ⚠ skipping serve of function [topofmind_cron] since invalid function type. Only basicio,advancedio,browser_logic are supported.
[warn] [2025-03-31T20:05:45.322Z] : ⚠ skipping serve of function [sendemail_cron] since invalid function type. Only basicio,advancedio,browser_logic are supported.
[info] [2025-03-31T20:05:45.486Z] : 
[info] [2025-03-31T20:05:45.486Z] :  >>>>>>>>>>>>> AdvancedIO <<<<<<<<<<<< 
[info] [2025-03-31T20:05:45.487Z] : ℹ home_page_function: http://localhost:3000/server/home_page_function/
[info] [2025-03-31T20:05:45.487Z] : ℹ crm_function      : http://localhost:3000/server/crm_function/
[info] [2025-03-31T20:05:45.487Z] : 
