[debug] [2025-04-03T01:40:45.705Z] : 
[debug] [2025-04-03T01:40:45.706Z] : ----------------------------------------------------------------------
[debug] [2025-04-03T01:40:45.707Z] : Command:      /Users/administrator/.nvm/versions/node/v18.18.2/bin/node /Users/administrator/.nvm/versions/node/v18.18.2/bin/catalyst serve
[debug] [2025-04-03T01:40:45.707Z] : CLI Version:  1.17.2
[debug] [2025-04-03T01:40:45.708Z] : Platform:     darwin
[debug] [2025-04-03T01:40:45.708Z] : Node Version: v18.18.2
[debug] [2025-04-03T01:40:45.712Z] : Time:         Wed Apr 02 2025 20:40:45 GMT-0500 (Central Daylight Time)
[debug] [2025-04-03T01:40:45.713Z] : ----------------------------------------------------------------------
[debug] [2025-04-03T01:40:45.713Z] : 
[debug] [2025-04-03T01:40:46.696Z] : > authorizing via signed-in user option
[debug] [2025-04-03T01:40:46.697Z] : > command requires scopes: ["ZohoCatalyst.projects.ALL","ZohoCatalyst.functions.ALL","ZohoCatalyst.functions.EXECUTE","ZohoCatalyst.webapp.ALL","ZohoCatalyst.pdfshot.execute"]
[debug] [2025-04-03T01:40:46.710Z] : >>>> HTTP REQUEST : GET https://api.catalyst.zoho.com/baas/v1/project/17011000000004014 

[debug] [2025-04-03T01:40:47.790Z] : <<<< HTTP RESPONSE : 200
Response Headers: {"server":"ZGS","date":"Thu, 03 Apr 2025 01:40:47 GMT","content-type":"application/vnd.catalyst.v2+json","transfer-encoding":"chunked","connection":"close","set-cookie":["zalb_46512fd555=c3d5ec374d3dc932973a3d50f55d8d00; Path=/; Secure; HttpOnly","ZD_CSRF_TOKEN=dc361e3f-baca-45c5-a951-a5bbe873543a;path=/;SameSite=None;Secure;priority=high","_zcsr_tmp=dc361e3f-baca-45c5-a951-a5bbe873543a;path=/;SameSite=Strict;Secure;priority=high"],"x-content-type-options":"nosniff","cache-control":"private,no-cache,no-store,max-age=0,must-revalidate","pragma":"no-cache","expires":"Thu, 01 Jan 1970 00:00:00 GMT","x-frame-options":"DENY","strict-transport-security":"max-age=64072000; includeSubDomains; preload"}

[debug] [2025-04-03T01:40:47.794Z] : >>>> HTTP REQUEST : GET https://api.catalyst.zoho.com/baas/v1/project/17011000000004014/environment 

[debug] [2025-04-03T01:40:48.087Z] : <<<< HTTP RESPONSE : 200
Response Headers: {"server":"ZGS","date":"Thu, 03 Apr 2025 01:40:48 GMT","content-type":"application/vnd.catalyst.v2+json","transfer-encoding":"chunked","connection":"close","set-cookie":["zalb_46512fd555=b14009a6059feb83ee8aa1c715a015c5; Path=/; Secure; HttpOnly","ZD_CSRF_TOKEN=c3f3453d-7dd6-45b7-9c76-5fd0b310eb64;path=/;SameSite=None;Secure;priority=high","_zcsr_tmp=c3f3453d-7dd6-45b7-9c76-5fd0b310eb64;path=/;SameSite=Strict;Secure;priority=high"],"x-content-type-options":"nosniff","cache-control":"private,no-cache,no-store,max-age=0,must-revalidate","pragma":"no-cache","expires":"Thu, 01 Jan 1970 00:00:00 GMT","x-frame-options":"DENY","strict-transport-security":"max-age=64072000; includeSubDomains; preload"}

[debug] [2025-04-03T01:40:48.341Z] : Build folder already exists, starting cleanup
[debug] [2025-04-03T01:40:57.970Z] : http port : '3000' is not available. Hence port '3001' will be used instead.
[info] [2025-04-03T01:40:57.977Z] : Skipping API Gateway rules
[debug] [2025-04-03T01:40:57.981Z] : >>>> HTTP REQUEST : GET https://api.catalyst.zoho.com/baas/v1/project/17011000000004014/function 
Query params: {"type":"basicio,event,cron,applogic,integration,browser_logic"}

[debug] [2025-04-03T01:40:58.335Z] : <<<< HTTP RESPONSE : 200
Response Headers: {"server":"ZGS","date":"Thu, 03 Apr 2025 01:40:58 GMT","content-type":"application/vnd.catalyst.v2+json","transfer-encoding":"chunked","connection":"close","set-cookie":["zalb_46512fd555=bbdfb771565421abbe10f7a180903d28; Path=/; Secure; HttpOnly","ZD_CSRF_TOKEN=d0d1cde5-04a6-4d7a-9351-7ec2860826e6;path=/;SameSite=None;Secure;priority=high","_zcsr_tmp=d0d1cde5-04a6-4d7a-9351-7ec2860826e6;path=/;SameSite=Strict;Secure;priority=high"],"x-content-type-options":"nosniff","cache-control":"private,no-cache,no-store,max-age=0,must-revalidate","pragma":"no-cache","expires":"Thu, 01 Jan 1970 00:00:00 GMT","x-frame-options":"DENY","strict-transport-security":"max-age=64072000; includeSubDomains; preload"}

[debug] [2025-04-03T01:40:58.342Z] : unknown eol undefined hence skipping check
[debug] [2025-04-03T01:40:58.343Z] : unknown eol undefined hence skipping check
[debug] [2025-04-03T01:40:58.343Z] : unknown eol undefined hence skipping check
[debug] [2025-04-03T01:40:58.343Z] : unknown eol undefined hence skipping check
[debug] [2025-04-03T01:40:58.343Z] : unknown eol undefined hence skipping check
[debug] [2025-04-03T01:40:58.344Z] : unknown eol undefined hence skipping check
[debug] [2025-04-03T01:41:11.541Z] : http port : '3010' is not available. Hence port '3012' will be used instead.
[debug] [2025-04-03T01:41:11.542Z] : http port : '3010' is not available. Hence port '3013' will be used instead.
[warn] [2025-04-03T01:41:11.584Z] : ⚠ skipping serve of function [hotlist_cron] since invalid function type. Only basicio,advancedio,browser_logic are supported.
[warn] [2025-04-03T01:41:11.584Z] : ⚠ skipping serve of function [warmlist_cron] since invalid function type. Only basicio,advancedio,browser_logic are supported.
[warn] [2025-04-03T01:41:11.584Z] : ⚠ skipping serve of function [topofmind_cron] since invalid function type. Only basicio,advancedio,browser_logic are supported.
[warn] [2025-04-03T01:41:11.584Z] : ⚠ skipping serve of function [sendemail_cron] since invalid function type. Only basicio,advancedio,browser_logic are supported.
[info] [2025-04-03T01:41:11.720Z] : 
[info] [2025-04-03T01:41:11.720Z] :  >>>>>>>>>>>>> AdvancedIO <<<<<<<<<<<< 
[info] [2025-04-03T01:41:11.721Z] : ℹ home_page_function: http://localhost:3001/server/home_page_function/
[info] [2025-04-03T01:41:11.721Z] : ℹ crm_function      : http://localhost:3001/server/crm_function/
[info] [2025-04-03T01:41:11.721Z] : 
[info] [2025-04-03T01:45:41.566Z] : 
change of index.js in crm_function detected. Preparing your function, please wait...
[info] [2025-04-03T01:46:04.825Z] : ℹ AdvancedIO[crm_function]: ready!
[info] [2025-04-03T01:46:04.825Z] : ℹ AdvancedIO[crm_function]: http://localhost:3001/server/crm_function/
[info] [2025-04-03T02:15:38.227Z] : 
change of routes/smsRoutes.js in crm_function detected. Preparing your function, please wait...
[info] [2025-04-03T02:15:56.829Z] : ℹ AdvancedIO[crm_function]: ready!
[info] [2025-04-03T02:15:56.829Z] : ℹ AdvancedIO[crm_function]: http://localhost:3001/server/crm_function/
[debug] [2025-04-03T02:17:29.444Z] : > refreshing access token <
[debug] [2025-04-03T02:17:29.459Z] : >>>> HTTP REQUEST : POST https://accounts.zoho.com/oauth/v2/token 
<request body omitted>

[debug] [2025-04-03T02:17:29.797Z] : <<<< HTTP RESPONSE : 200
Response Headers: {"server":"ZGS","date":"Thu, 03 Apr 2025 02:17:29 GMT","content-type":"application/json;charset=UTF-8","content-length":"1945","connection":"close","set-cookie":["zalb_b266a5bf57=9f371135a524e2d1f51eb9f41fa26c60; Path=/; Secure; HttpOnly","iamcsr=50201222-7b34-41a1-a469-f8be1c2cd8be;path=/;SameSite=None;Secure;priority=high","_zcsr_tmp=50201222-7b34-41a1-a469-f8be1c2cd8be;path=/;SameSite=Strict;Secure;priority=high"],"cache-control":"no-store","x-content-type-options":"nosniff","pragma":"no-cache","x-frame-options":"SAMEORIGIN","vary":"accept-encoding","content-language":"en-US","strict-transport-security":"max-age=64072000; includeSubDomains; preload"}

[debug] [2025-04-03T02:18:06.535Z] : Error modifying the permissions:  [Error: ENOENT: no such file or directory, chmod '/Users/administrator/WebstormProjects/untitled7/.build/functions'] {
  errno: -2,
  code: 'ENOENT',
  syscall: 'chmod',
  path: '/Users/administrator/WebstormProjects/untitled7/.build/functions'
}
[info] [2025-04-03T02:18:06.535Z] : Shutting down server
[info] [2025-04-03T02:18:06.539Z] : 
[info] [2025-04-03T02:18:06.539Z] : ✔ Shutdown complete
[debug] [2025-04-03T02:18:06.540Z] : NO ERRORS REGISTERED
[debug] [2025-04-03T02:18:06.540Z] : EXEC ENDED with event: serve, message: success
[debug] [2025-04-03T02:18:06.540Z] : TOTAL DURATION OF COMMAND EXEC : 2239861
[error] [2025-04-03T02:18:06.548Z] : uncaughtException: ENOENT: no such file or directory, open '/var/folders/x3/cgz11t615c9ctq2v4_d66pd80000gp/T/.catalyst/catalyst-http-log.json'
Error: ENOENT: no such file or directory, open '/var/folders/x3/cgz11t615c9ctq2v4_d66pd80000gp/T/.catalyst/catalyst-http-log.json'
[error] [2025-04-03T02:18:06.554Z] : ✖ An unexpected error has occurred.
[debug] [2025-04-03T02:18:06.554Z] : Error Stack: CatalystError: An unexpected error has occurred.
    at exports.default (/Users/administrator/.nvm/versions/node/v18.18.2/lib/node_modules/zcatalyst-cli/lib/errorOut.js:19:17)
    at process.<anonymous> (/Users/administrator/.nvm/versions/node/v18.18.2/lib/node_modules/zcatalyst-cli/lib/bin/catalyst.js:87:28)
    at process.emit (node:events:529:35)
    at process.processEmit [as emit] (/Users/administrator/.nvm/versions/node/v18.18.2/lib/node_modules/zcatalyst-cli/node_modules/signal-exit/index.js:199:34)
    at process._fatalException (node:internal/process/execution:158:25)
[debug] [2025-04-03T02:18:06.554Z] : Original Error: Error: ENOENT: no such file or directory, open '/var/folders/x3/cgz11t615c9ctq2v4_d66pd80000gp/T/.catalyst/catalyst-http-log.json'
[debug] [2025-04-03T02:18:06.554Z] : Error Status: 500
[info] [2025-04-03T02:18:06.554Z] : Kindly contact Catalyst support [support@zohocatalyst.com] if you need any further assistance
