[debug] [2024-10-09T21:45:44.721Z] : 
[debug] [2024-10-09T21:45:44.722Z] : ----------------------------------------------------------------------
[debug] [2024-10-09T21:45:44.722Z] : Command:      /Users/administrator/.nvm/versions/node/v18.18.2/bin/node /Users/administrator/.nvm/versions/node/v18.18.2/bin/catalyst serve
[debug] [2024-10-09T21:45:44.723Z] : CLI Version:  1.17.2
[debug] [2024-10-09T21:45:44.723Z] : Platform:     darwin
[debug] [2024-10-09T21:45:44.723Z] : Node Version: v18.18.2
[debug] [2024-10-09T21:45:44.725Z] : Time:         Wed Oct 09 2024 16:45:44 GMT-0500 (Central Daylight Time)
[debug] [2024-10-09T21:45:44.725Z] : ----------------------------------------------------------------------
[debug] [2024-10-09T21:45:44.725Z] : 
[debug] [2024-10-09T21:45:45.217Z] : > authorizing via signed-in user option
[debug] [2024-10-09T21:45:45.218Z] : > command requires scopes: ["ZohoCatalyst.projects.ALL","ZohoCatalyst.functions.ALL","ZohoCatalyst.functions.EXECUTE","ZohoCatalyst.webapp.ALL","ZohoCatalyst.pdfshot.execute"]
[debug] [2024-10-09T21:45:45.230Z] : >>>> HTTP REQUEST : GET https://api.catalyst.zoho.com/baas/v1/project/17011000000004014 

[debug] [2024-10-09T21:45:45.581Z] : <<<< HTTP RESPONSE : 200
Response Headers: {"server":"ZGS","date":"Wed, 09 Oct 2024 21:45:46 GMT","content-type":"application/vnd.catalyst.v2+json","transfer-encoding":"chunked","connection":"close","set-cookie":["zalb_46512fd555=bbdfb771565421abbe10f7a180903d28; Path=/; Secure; HttpOnly","ZD_CSRF_TOKEN=a1473dbb-e556-44ed-85ef-69ce65f7c8fa;path=/;SameSite=None;Secure;priority=high","_zcsr_tmp=a1473dbb-e556-44ed-85ef-69ce65f7c8fa;path=/;SameSite=Strict;Secure;priority=high"],"x-content-type-options":"nosniff","x-xss-protection":"1","cache-control":"private,no-cache,no-store,max-age=0,must-revalidate","pragma":"no-cache","expires":"Thu, 01 Jan 1970 00:00:00 GMT","x-frame-options":"DENY","strict-transport-security":"max-age=63072000"}

[debug] [2024-10-09T21:45:45.585Z] : >>>> HTTP REQUEST : GET https://api.catalyst.zoho.com/baas/v1/project/17011000000004014/environment 

[debug] [2024-10-09T21:45:45.855Z] : <<<< HTTP RESPONSE : 200
Response Headers: {"server":"ZGS","date":"Wed, 09 Oct 2024 21:45:46 GMT","content-type":"application/vnd.catalyst.v2+json","transfer-encoding":"chunked","connection":"close","set-cookie":["zalb_46512fd555=bbdfb771565421abbe10f7a180903d28; Path=/; Secure; HttpOnly","ZD_CSRF_TOKEN=b741e612-1428-4c8a-90ea-89de08230677;path=/;SameSite=None;Secure;priority=high","_zcsr_tmp=b741e612-1428-4c8a-90ea-89de08230677;path=/;SameSite=Strict;Secure;priority=high"],"x-content-type-options":"nosniff","x-xss-protection":"1","cache-control":"private,no-cache,no-store,max-age=0,must-revalidate","pragma":"no-cache","expires":"Thu, 01 Jan 1970 00:00:00 GMT","x-frame-options":"DENY","strict-transport-security":"max-age=63072000"}

[info] [2024-10-09T21:45:46.077Z] : Skipping API Gateway rules
[debug] [2024-10-09T21:45:46.082Z] : >>>> HTTP REQUEST : GET https://api.catalyst.zoho.com/baas/v1/project/17011000000004014/function 
Query params: {"type":"basicio,event,cron,applogic,integration,browser_logic"}

[debug] [2024-10-09T21:45:46.372Z] : <<<< HTTP RESPONSE : 200
Response Headers: {"server":"ZGS","date":"Wed, 09 Oct 2024 21:45:47 GMT","content-type":"application/vnd.catalyst.v2+json","transfer-encoding":"chunked","connection":"close","set-cookie":["zalb_46512fd555=c3d5ec374d3dc932973a3d50f55d8d00; Path=/; Secure; HttpOnly","ZD_CSRF_TOKEN=a93f8bc1-d8b5-4b62-ac10-7f7f22767acc;path=/;SameSite=None;Secure;priority=high","_zcsr_tmp=a93f8bc1-d8b5-4b62-ac10-7f7f22767acc;path=/;SameSite=Strict;Secure;priority=high"],"x-content-type-options":"nosniff","x-xss-protection":"1","cache-control":"private,no-cache,no-store,max-age=0,must-revalidate","pragma":"no-cache","expires":"Thu, 01 Jan 1970 00:00:00 GMT","x-frame-options":"DENY","strict-transport-security":"max-age=63072000"}

[debug] [2024-10-09T21:45:46.376Z] : unknown eol undefined hence skipping check
[debug] [2024-10-09T21:45:46.378Z] : unknown eol undefined hence skipping check
[debug] [2024-10-09T21:45:48.994Z] : http port : '3010' is not available. Hence port '3011' will be used instead.
[info] [2024-10-09T21:45:49.154Z] : 
[info] [2024-10-09T21:45:49.154Z] :  >>>>>>>>>>>>> AdvancedIO <<<<<<<<<<<< 
[info] [2024-10-09T21:45:49.155Z] : ℹ home_page_function: http://localhost:3000/server/home_page_function/
[info] [2024-10-09T21:45:49.155Z] : ℹ crm_function      : http://localhost:3000/server/crm_function/
[info] [2024-10-09T21:45:49.155Z] : 
[debug] [2024-10-09T21:47:40.024Z] : > refreshing access token <
[debug] [2024-10-09T21:47:40.026Z] : >>>> HTTP REQUEST : POST https://accounts.zoho.com/oauth/v2/token 
<request body omitted>

[debug] [2024-10-09T21:47:40.318Z] : <<<< HTTP RESPONSE : 200
Response Headers: {"server":"ZGS","date":"Wed, 09 Oct 2024 21:47:41 GMT","content-type":"application/json;charset=UTF-8","content-length":"1945","connection":"close","set-cookie":["zalb_b266a5bf57=9f371135a524e2d1f51eb9f41fa26c60; Path=/; Secure; HttpOnly","iamcsr=7937d815-ff9a-4d43-96b0-16949d33716d;path=/;SameSite=None;Secure;priority=high","_zcsr_tmp=7937d815-ff9a-4d43-96b0-16949d33716d;path=/;SameSite=Strict;Secure;priority=high"],"cache-control":"no-store","x-content-type-options":"nosniff","pragma":"no-cache","x-frame-options":"SAMEORIGIN","vary":"accept-encoding","content-language":"en-US","strict-transport-security":"max-age=63072000"}

[info] [2024-10-09T22:32:26.191Z] : 
change of controllers/subscriberController.js in crm_function detected. Preparing your function, please wait...
[info] [2024-10-09T22:32:27.702Z] : ℹ AdvancedIO[crm_function]: ready!
[info] [2024-10-09T22:32:27.703Z] : ℹ AdvancedIO[crm_function]: http://localhost:3000/server/crm_function/
[info] [2024-10-09T22:40:36.441Z] : 
change of controllers/bounceController.js in crm_function detected. Preparing your function, please wait...
[info] [2024-10-09T22:40:37.848Z] : ℹ AdvancedIO[crm_function]: ready!
[info] [2024-10-09T22:40:37.848Z] : ℹ AdvancedIO[crm_function]: http://localhost:3000/server/crm_function/
[info] [2024-10-09T22:43:25.177Z] : 
change of controllers/bounceController.js in crm_function detected. Preparing your function, please wait...
[info] [2024-10-09T22:43:26.496Z] : ℹ AdvancedIO[crm_function]: ready!
[info] [2024-10-09T22:43:26.496Z] : ℹ AdvancedIO[crm_function]: http://localhost:3000/server/crm_function/
[debug] [2024-10-10T01:49:36.721Z] : > refreshing access token <
[debug] [2024-10-10T01:49:36.724Z] : >>>> HTTP REQUEST : POST https://accounts.zoho.com/oauth/v2/token 
<request body omitted>

[debug] [2024-10-10T01:49:38.822Z] : <<<< HTTP RESPONSE : 200
Response Headers: {"server":"ZGS","date":"Thu, 10 Oct 2024 01:49:38 GMT","content-type":"application/json;charset=UTF-8","content-length":"1945","connection":"close","set-cookie":["zalb_b266a5bf57=a711b6da0e6cbadb5e254290f114a026; Path=/; Secure; HttpOnly","iamcsr=a03ea891-ce93-4e52-9bb0-ec70ecd9253d;path=/;SameSite=None;Secure;priority=high","_zcsr_tmp=a03ea891-ce93-4e52-9bb0-ec70ecd9253d;path=/;SameSite=Strict;Secure;priority=high"],"cache-control":"no-store","x-content-type-options":"nosniff","pragma":"no-cache","x-frame-options":"SAMEORIGIN","vary":"accept-encoding","content-language":"en-US","strict-transport-security":"max-age=63072000"}

[info] [2024-10-10T02:10:52.916Z] : 
change of controllers/bounceController.js in crm_function detected. Preparing your function, please wait...
[info] [2024-10-10T02:10:54.518Z] : ℹ AdvancedIO[crm_function]: ready!
[info] [2024-10-10T02:10:54.519Z] : ℹ AdvancedIO[crm_function]: http://localhost:3000/server/crm_function/
[info] [2024-10-10T02:29:38.877Z] : 
change of controllers/dashboardController.js in crm_function detected. Preparing your function, please wait...
[info] [2024-10-10T02:29:40.676Z] : ℹ AdvancedIO[crm_function]: ready!
[info] [2024-10-10T02:29:40.677Z] : ℹ AdvancedIO[crm_function]: http://localhost:3000/server/crm_function/
[info] [2024-10-10T02:30:01.503Z] : 
change of controllers/dashboardController.js in crm_function detected. Preparing your function, please wait...
[info] [2024-10-10T02:30:02.989Z] : ℹ AdvancedIO[crm_function]: ready!
[info] [2024-10-10T02:30:02.989Z] : ℹ AdvancedIO[crm_function]: http://localhost:3000/server/crm_function/
[info] [2024-10-10T02:31:41.084Z] : 
change of package.json in crm_function detected. Preparing your function, please wait...
[info] [2024-10-10T02:31:45.575Z] : ℹ AdvancedIO[crm_function]: ready!
[info] [2024-10-10T02:31:45.575Z] : ℹ AdvancedIO[crm_function]: http://localhost:3000/server/crm_function/
[debug] [2024-10-10T02:49:57.495Z] : > refreshing access token <
[debug] [2024-10-10T02:49:57.499Z] : >>>> HTTP REQUEST : POST https://accounts.zoho.com/oauth/v2/token 
<request body omitted>

[debug] [2024-10-10T02:49:57.834Z] : <<<< HTTP RESPONSE : 200
Response Headers: {"server":"ZGS","date":"Thu, 10 Oct 2024 02:49:57 GMT","content-type":"application/json;charset=UTF-8","content-length":"1945","connection":"close","set-cookie":["zalb_b266a5bf57=a7f15cb1555106de5ac96d088b72e7c8; Path=/; Secure; HttpOnly","iamcsr=ce1cb2a1-1ada-4219-9bbc-e87b7704f7b8;path=/;SameSite=None;Secure;priority=high","_zcsr_tmp=ce1cb2a1-1ada-4219-9bbc-e87b7704f7b8;path=/;SameSite=Strict;Secure;priority=high"],"cache-control":"no-store","x-content-type-options":"nosniff","pragma":"no-cache","x-frame-options":"SAMEORIGIN","vary":"accept-encoding","content-language":"en-US","strict-transport-security":"max-age=63072000"}

[info] [2024-10-10T02:52:52.241Z] : 
change of controllers/dashboardController.js in crm_function detected. Preparing your function, please wait...
[info] [2024-10-10T02:52:56.944Z] : ℹ AdvancedIO[crm_function]: ready!
[info] [2024-10-10T02:52:56.944Z] : ℹ AdvancedIO[crm_function]: http://localhost:3000/server/crm_function/
[info] [2024-10-10T03:00:13.085Z] : 
change of controllers/dashboardController.js in crm_function detected. Preparing your function, please wait...
[info] [2024-10-10T03:00:16.736Z] : ℹ AdvancedIO[crm_function]: ready!
[info] [2024-10-10T03:00:16.737Z] : ℹ AdvancedIO[crm_function]: http://localhost:3000/server/crm_function/
[info] [2024-10-10T03:00:59.240Z] : 
change of controllers/dashboardController.js in crm_function detected. Preparing your function, please wait...
[info] [2024-10-10T03:01:02.608Z] : ℹ AdvancedIO[crm_function]: ready!
[info] [2024-10-10T03:01:02.608Z] : ℹ AdvancedIO[crm_function]: http://localhost:3000/server/crm_function/
[info] [2024-10-10T03:01:13.191Z] : 
change of controllers/dashboardController.js in crm_function detected. Preparing your function, please wait...
[info] [2024-10-10T03:01:16.519Z] : ℹ AdvancedIO[crm_function]: ready!
[info] [2024-10-10T03:01:16.519Z] : ℹ AdvancedIO[crm_function]: http://localhost:3000/server/crm_function/
[info] [2024-10-10T03:01:31.616Z] : 
change of controllers/dashboardController.js in crm_function detected. Preparing your function, please wait...
[info] [2024-10-10T03:01:34.889Z] : ℹ AdvancedIO[crm_function]: ready!
[info] [2024-10-10T03:01:34.889Z] : ℹ AdvancedIO[crm_function]: http://localhost:3000/server/crm_function/
[info] [2024-10-10T03:02:12.588Z] : 
change of controllers/dashboardController.js in crm_function detected. Preparing your function, please wait...
[info] [2024-10-10T03:02:15.861Z] : ℹ AdvancedIO[crm_function]: ready!
[info] [2024-10-10T03:02:15.861Z] : ℹ AdvancedIO[crm_function]: http://localhost:3000/server/crm_function/
[info] [2024-10-10T03:34:31.544Z] : Shutting down server
[info] [2024-10-10T03:34:33.555Z] : 
[info] [2024-10-10T03:34:33.556Z] : ✔ Shutdown complete
[debug] [2024-10-10T03:34:33.556Z] : NO ERRORS REGISTERED
[debug] [2024-10-10T03:34:33.557Z] : EXEC ENDED with event: serve, message: success
[debug] [2024-10-10T03:34:33.557Z] : TOTAL DURATION OF COMMAND EXEC : 20928351
[error] [2024-10-10T03:34:33.567Z] : uncaughtException: ENOENT: no such file or directory, open '/var/folders/x3/cgz11t615c9ctq2v4_d66pd80000gp/T/.catalyst/catalyst-http-log.json'
Error: ENOENT: no such file or directory, open '/var/folders/x3/cgz11t615c9ctq2v4_d66pd80000gp/T/.catalyst/catalyst-http-log.json'
[error] [2024-10-10T03:34:33.571Z] : ✖ An unexpected error has occurred.
[debug] [2024-10-10T03:34:33.571Z] : Error Stack: CatalystError: An unexpected error has occurred.
    at exports.default (/Users/administrator/.nvm/versions/node/v18.18.2/lib/node_modules/zcatalyst-cli/lib/errorOut.js:19:17)
    at process.<anonymous> (/Users/administrator/.nvm/versions/node/v18.18.2/lib/node_modules/zcatalyst-cli/lib/bin/catalyst.js:87:28)
    at process.emit (node:events:529:35)
    at process.processEmit [as emit] (/Users/administrator/.nvm/versions/node/v18.18.2/lib/node_modules/zcatalyst-cli/node_modules/signal-exit/index.js:199:34)
    at process._fatalException (node:internal/process/execution:158:25)
[debug] [2024-10-10T03:34:33.572Z] : Original Error: Error: ENOENT: no such file or directory, open '/var/folders/x3/cgz11t615c9ctq2v4_d66pd80000gp/T/.catalyst/catalyst-http-log.json'
[debug] [2024-10-10T03:34:33.572Z] : Error Status: 500
[info] [2024-10-10T03:34:33.572Z] : Kindly contact Catalyst support [support@zohocatalyst.com] if you need any further assistance
